<?xml version="1.0" encoding="UTF-8"?>
<testsuite xmlns:xsi="http://www.w3.org/2001/XMLSchema-instance" xsi:noNamespaceSchemaLocation="https://maven.apache.org/surefire/maven-surefire-plugin/xsd/surefire-test-report-3.0.xsd" version="3.0" name="runner.TestRunner" time="4.755" tests="1" errors="0" skipped="0" failures="0">
  <properties>
[...]
</properties>
  <testcase name="Get a post by id" classname="CRUD API tests" time="4.242">
    <system-out><![CDATA[
  .   ____          _            __ _ _
 /\\ / ___'_ __ _ _(_)_ __  __ _ \ \ \ \
( ( )\___ | '_ | '_| | '_ \/ _` | \ \ \ \
 \\/  ___)| |_)| | | | | || (_| |  ) ) ) )
  '  |____| .__|_| |_|_| |_\__, | / / / /
 =========|_|==============|___/=/_/_/_/

 :: Spring Boot ::                (v3.3.4)

2025-09-22T19:09:25.991+05:30  INFO 16904 --- [           main] config.CucumberSpringConfiguration       : Starting CucumberSpringConfiguration using Java 17.0.10 with PID 16904 (started by Rajesh in D:\AutomationProjects\springboot-cucumber-restassured-with-readme\springboot-cucumber-restassured)
2025-09-22T19:09:25.994+05:30  INFO 16904 --- [           main] config.CucumberSpringConfiguration       : The following 1 profile is active: "dev"
2025-09-22T19:09:27.151+05:30  INFO 16904 --- [           main] config.CucumberSpringConfiguration       : Started CucumberSpringConfiguration in 1.562 seconds (process running for 3.786)

@crud
Scenario: Get a post by id                 &amp#27;[90m# src/test/resources/features/crud.feature:4&amp#27;[0m
this is the url for API https://jsonplaceholder.typicode.com
  &amp#27;[32mGiven &amp#27;[0m&amp#27;[32mI send a GET request to &amp#27;[0m&amp#27;[32m&amp#27;[1m"/posts/1"&amp#27;[0m &amp#27;[90m# steps.CrudStepDefinitions.i_send_a_get_request(java.lang.String)&amp#27;[0m
]]></system-out>
  </testcase>
</testsuite>